TN:
SF:src\app\config\auth.config.ts
FNF:0
FNH:0
DA:1,15
LF:1
LH:1
BRDA:3,0,0,15
BRDA:3,0,1,0
BRDA:4,1,0,15
BRDA:4,1,1,0
BRF:4
BRH:2
end_of_record
TN:
SF:src\app\middleware\auth.middleware.ts
FN:9,(anonymous_0)
FN:61,(anonymous_1)
FN:65,(anonymous_2)
FNF:3
FNH:3
FNDA:90,(anonymous_0)
FNDA:207,(anonymous_1)
FNDA:42,(anonymous_2)
DA:2,9
DA:3,9
DA:9,9
DA:14,90
DA:15,90
DA:17,90
DA:18,13
DA:28,77
DA:29,1
DA:32,77
DA:37,76
DA:38,0
DA:47,76
DA:49,76
DA:51,1
DA:52,1
DA:61,9
DA:65,207
DA:66,42
DA:67,42
DA:68,42
DA:69,1
DA:79,41
DA:80,21
DA:81,21
DA:82,1
DA:90,20
DA:94,20
DA:96,20
DA:97,20
DA:98,0
DA:106,20
DA:112,40
DA:113,3
DA:123,37
DA:127,37
DA:128,7
DA:137,30
DA:139,0
DA:140,0
LF:40
LH:36
BRDA:17,0,0,13
BRDA:28,1,0,1
BRDA:37,2,0,0
BRDA:68,3,0,1
BRDA:79,4,0,21
BRDA:79,4,1,20
BRDA:80,5,0,21
BRDA:80,5,1,1
BRDA:80,5,2,1
BRDA:81,6,0,1
BRDA:94,7,0,20
BRDA:96,8,0,20
BRDA:96,8,1,0
BRDA:96,8,2,0
BRDA:97,9,0,0
BRDA:112,10,0,3
BRDA:123,11,0,32
BRDA:123,11,1,5
BRDA:127,12,0,7
BRF:19
BRH:15
end_of_record
TN:
SF:src\app\middleware\endUser.middleware.ts
FN:15,(anonymous_0)
FN:40,(anonymous_1)
FN:41,(anonymous_2)
FNF:3
FNH:1
FNDA:13,(anonymous_0)
FNDA:0,(anonymous_1)
FNDA:0,(anonymous_2)
DA:5,8
DA:15,8
DA:20,13
DA:21,13
DA:23,13
DA:24,0
DA:26,13
DA:28,13
DA:29,0
DA:32,13
DA:34,13
DA:36,0
DA:40,8
DA:41,0
DA:42,0
DA:43,0
DA:44,0
DA:46,0
DA:47,0
DA:48,0
DA:50,0
DA:51,0
DA:52,0
DA:54,0
DA:56,0
LF:25
LH:10
BRDA:23,0,0,0
BRDA:23,1,0,13
BRDA:23,1,1,13
BRDA:28,2,0,0
BRDA:28,3,0,13
BRDA:28,3,1,13
BRDA:43,4,0,0
BRDA:43,5,0,0
BRDA:43,5,1,0
BRDA:47,6,0,0
BRDA:47,7,0,0
BRDA:47,7,1,0
BRDA:51,8,0,0
BRF:13
BRH:4
end_of_record
TN:
SF:src\app\middleware\upload.middleware.ts
FN:14,(anonymous_1)
FN:28,(anonymous_2)
FN:51,(anonymous_3)
FN:86,(anonymous_4)
FN:87,(anonymous_5)
FNF:5
FNH:5
FNDA:3,(anonymous_1)
FNDA:4,(anonymous_2)
FNDA:3,(anonymous_3)
FNDA:4,(anonymous_4)
FNDA:4,(anonymous_5)
DA:2,8
DA:3,8
DA:6,8
DA:7,8
DA:8,8
DA:11,8
DA:15,3
DA:16,2
DA:18,1
DA:28,8
DA:34,4
DA:35,0
DA:36,0
DA:40,0
DA:42,4
DA:43,1
DA:45,3
DA:51,8
DA:56,3
DA:58,2
DA:59,2
DA:69,0
DA:70,0
DA:71,0
DA:73,0
DA:75,2
DA:76,2
DA:84,8
DA:87,4
DA:88,4
LF:30
LH:23
BRDA:15,0,0,2
BRDA:15,0,1,1
BRDA:34,1,0,0
BRDA:35,2,0,0
BRDA:42,3,0,1
BRDA:56,4,0,1
BRF:6
BRH:4
end_of_record
TN:
SF:src\app\models\enums.ts
FN:4,(anonymous_0)
FN:16,(anonymous_1)
FN:26,(anonymous_2)
FN:35,(anonymous_3)
FNF:4
FNH:4
FNDA:19,(anonymous_0)
FNDA:19,(anonymous_1)
FNDA:19,(anonymous_2)
FNDA:19,(anonymous_3)
DA:4,19
DA:5,19
DA:6,19
DA:7,19
DA:8,19
DA:9,19
DA:10,19
DA:16,19
DA:17,19
DA:18,19
DA:19,19
DA:20,19
DA:26,19
DA:27,19
DA:28,19
DA:29,19
DA:35,19
DA:36,19
DA:37,19
DA:38,19
DA:39,19
LF:21
LH:21
BRDA:4,0,0,19
BRDA:4,0,1,19
BRDA:16,1,0,19
BRDA:16,1,1,19
BRDA:26,2,0,19
BRDA:26,2,1,19
BRDA:35,3,0,19
BRDA:35,3,1,19
BRF:8
BRH:8
end_of_record
TN:
SF:src\app\models\schema\endUser.schema.ts
FNF:0
FNH:0
DA:1,9
DA:5,9
DA:36,9
DA:38,9
LF:4
LH:4
BRF:0
BRH:0
end_of_record
TN:
SF:src\app\models\schema\org.schema.ts
FNF:0
FNH:0
DA:1,11
DA:4,11
DA:28,11
DA:30,11
LF:4
LH:4
BRF:0
BRH:0
end_of_record
TN:
SF:src\app\models\schema\organizationMembership.schema.ts
FNF:0
FNH:0
DA:1,10
DA:3,10
DA:5,10
DA:37,10
DA:39,10
DA:41,10
LF:6
LH:6
BRF:0
BRH:0
end_of_record
TN:
SF:src\app\models\schema\passwordPolicy.schema.ts
FNF:0
FNH:0
DA:1,9
DA:4,9
DA:41,9
DA:43,9
LF:4
LH:4
BRF:0
BRH:0
end_of_record
TN:
SF:src\app\models\schema\project.schema.ts
FNF:0
FNH:0
DA:1,10
DA:3,10
DA:5,10
DA:32,10
DA:34,10
DA:36,10
LF:6
LH:6
BRF:0
BRH:0
end_of_record
TN:
SF:src\app\models\schema\projectMembership.schema.ts
FNF:0
FNH:0
DA:1,11
DA:2,11
DA:3,11
DA:6,11
DA:39,11
DA:41,11
LF:6
LH:6
BRF:0
BRH:0
end_of_record
TN:
SF:src\app\models\schema\projectPolicy.schema.ts
FNF:0
FNH:0
DA:1,9
DA:3,9
DA:5,9
DA:54,9
DA:56,9
DA:58,9
LF:6
LH:6
BRF:0
BRH:0
end_of_record
TN:
SF:src\app\models\schema\session.schema.ts
FNF:0
FNH:0
DA:1,11
DA:4,11
DA:24,11
DA:26,11
DA:28,11
LF:5
LH:5
BRF:0
BRH:0
end_of_record
TN:
SF:src\app\models\schema\user.schema.ts
FN:33,(anonymous_9)
FN:35,(anonymous_10)
FNF:2
FNH:1
FNDA:126,(anonymous_9)
FNDA:0,(anonymous_10)
DA:1,13
DA:4,13
DA:34,126
DA:35,0
DA:73,13
DA:75,13
LF:6
LH:5
BRDA:34,0,0,126
BRDA:34,0,1,1
BRF:2
BRH:2
end_of_record
TN:
SF:src\app\modules\index.ts
FNF:0
FNH:0
DA:1,8
DA:2,8
DA:3,8
DA:4,8
DA:5,8
DA:6,8
DA:7,8
DA:8,8
DA:10,8
DA:13,8
DA:16,8
DA:19,8
DA:22,8
DA:25,8
DA:28,8
DA:31,8
DA:33,8
LF:17
LH:17
BRF:0
BRH:0
end_of_record
TN:
SF:src\app\modules\org\org.controller.ts
FN:8,(anonymous_0)
FN:14,(anonymous_1)
FN:23,(anonymous_2)
FN:32,(anonymous_3)
FN:41,(anonymous_4)
FN:52,(anonymous_5)
FN:61,(anonymous_6)
FN:70,(anonymous_7)
FN:79,(anonymous_8)
FN:92,(anonymous_9)
FNF:10
FNH:8
FNDA:8,(anonymous_0)
FNDA:4,(anonymous_1)
FNDA:3,(anonymous_2)
FNDA:1,(anonymous_3)
FNDA:1,(anonymous_4)
FNDA:1,(anonymous_5)
FNDA:1,(anonymous_6)
FNDA:0,(anonymous_7)
FNDA:0,(anonymous_8)
FNDA:1,(anonymous_9)
DA:2,8
DA:5,8
DA:9,8
DA:14,8
DA:15,4
DA:16,4
DA:17,4
DA:19,0
DA:23,8
DA:24,3
DA:25,3
DA:26,3
DA:28,0
DA:32,8
DA:33,1
DA:34,1
DA:35,1
DA:37,0
DA:41,8
DA:42,1
DA:43,1
DA:44,1
DA:46,0
DA:52,8
DA:53,1
DA:54,1
DA:55,1
DA:57,0
DA:61,8
DA:62,1
DA:63,1
DA:64,1
DA:66,0
DA:70,8
DA:71,0
DA:72,0
DA:73,0
DA:75,0
DA:79,8
DA:80,0
DA:81,0
DA:86,0
DA:88,0
DA:92,8
DA:93,1
DA:94,1
DA:98,1
DA:100,0
LF:48
LH:33
BRDA:9,0,0,8
BRDA:9,0,1,8
BRF:2
BRH:2
end_of_record
TN:
SF:src\app\modules\org\org.route.ts
FNF:0
FNH:0
DA:1,8
DA:2,8
DA:3,8
DA:4,8
DA:6,8
DA:7,8
DA:9,8
DA:12,8
DA:13,8
DA:14,8
DA:15,8
DA:18,8
DA:19,8
DA:20,8
DA:21,8
DA:22,8
DA:24,8
LF:17
LH:17
BRF:0
BRH:0
end_of_record
TN:
SF:src\app\modules\org\org.service.ts
FN:33,(anonymous_0)
FN:80,(anonymous_1)
FN:110,(anonymous_2)
FN:142,(anonymous_3)
FN:164,(anonymous_4)
FN:184,(anonymous_5)
FN:224,(anonymous_6)
FN:251,(anonymous_7)
FN:301,(anonymous_8)
FNF:9
FNH:7
FNDA:8,(anonymous_0)
FNDA:6,(anonymous_1)
FNDA:1,(anonymous_2)
FNDA:3,(anonymous_3)
FNDA:1,(anonymous_4)
FNDA:5,(anonymous_5)
FNDA:0,(anonymous_6)
FNDA:0,(anonymous_7)
FNDA:4,(anonymous_8)
DA:1,9
DA:2,9
DA:5,9
DA:6,9
DA:8,9
DA:30,9
DA:37,8
DA:38,8
DA:39,8
DA:40,8
DA:41,2
DA:46,6
DA:47,1
DA:53,5
DA:56,3
DA:63,3
DA:71,2
DA:72,2
DA:74,0
DA:75,0
DA:84,6
DA:86,6
DA:87,6
DA:88,3
DA:91,3
DA:92,3
DA:93,1
DA:96,2
DA:104,0
DA:105,0
DA:114,1
DA:115,1
DA:121,1
DA:122,0
DA:125,1
DA:133,0
DA:134,0
DA:136,0
DA:137,0
DA:143,3
DA:144,3
DA:146,3
DA:147,1
DA:151,2
DA:153,2
DA:158,0
DA:159,0
DA:165,1
DA:166,1
DA:170,1
DA:178,0
DA:179,0
DA:188,5
DA:189,5
DA:191,5
DA:192,1
DA:195,4
DA:196,4
DA:197,1
DA:200,3
DA:207,2
DA:215,1
DA:216,1
DA:218,0
DA:219,0
DA:228,0
DA:229,0
DA:233,0
DA:234,0
DA:237,0
DA:245,0
DA:246,0
DA:256,0
DA:257,0
DA:260,0
DA:261,0
DA:266,0
DA:267,0
DA:268,0
DA:269,0
DA:277,0
DA:283,0
DA:284,0
DA:287,0
DA:295,0
DA:296,0
DA:305,4
DA:307,4
DA:308,4
DA:309,1
DA:312,3
DA:313,2
DA:314,2
DA:315,2
DA:322,1
DA:324,1
DA:329,0
DA:330,0
LF:98
LH:60
BRDA:40,0,0,2
BRDA:46,1,0,1
BRDA:46,2,0,6
BRDA:46,2,1,5
BRDA:71,3,0,2
BRDA:87,4,0,3
BRDA:92,5,0,1
BRDA:121,6,0,0
BRDA:133,7,0,0
BRDA:146,8,0,1
BRDA:189,9,0,5
BRDA:191,10,0,1
BRDA:196,11,0,1
BRDA:215,12,0,1
BRDA:233,13,0,0
BRDA:260,14,0,0
BRDA:260,15,0,0
BRDA:260,15,1,0
BRDA:266,16,0,0
BRDA:268,17,0,0
BRDA:279,18,0,0
BRDA:279,18,1,0
BRDA:279,19,0,0
BRDA:279,19,1,0
BRDA:283,20,0,0
BRDA:308,21,0,1
BRDA:312,22,0,2
BRDA:314,23,0,2
BRF:28
BRH:15
end_of_record
TN:
SF:src\app\modules\passwordPolicy\passwordPolicy.controller.ts
FN:8,(anonymous_0)
FN:12,(anonymous_1)
FN:24,(anonymous_2)
FN:35,(anonymous_3)
FN:47,(anonymous_4)
FNF:5
FNH:5
FNDA:8,(anonymous_0)
FNDA:2,(anonymous_1)
FNDA:2,(anonymous_2)
FNDA:2,(anonymous_3)
FNDA:2,(anonymous_4)
DA:2,8
DA:5,8
DA:9,8
DA:12,8
DA:13,2
DA:14,2
DA:18,2
DA:20,0
DA:24,8
DA:25,2
DA:26,2
DA:29,2
DA:31,0
DA:35,8
DA:36,2
DA:37,2
DA:41,2
DA:43,0
DA:47,8
DA:48,2
DA:49,2
DA:52,2
DA:54,0
LF:23
LH:19
BRDA:9,0,0,8
BRDA:9,0,1,8
BRF:2
BRH:2
end_of_record
TN:
SF:src\app\modules\passwordPolicy\passwordPolicy.route.ts
FNF:0
FNH:0
DA:1,8
DA:2,8
DA:3,8
DA:4,8
DA:6,8
DA:7,8
DA:9,8
DA:13,8
DA:14,8
DA:15,8
DA:16,8
DA:18,8
LF:12
LH:12
BRF:0
BRH:0
end_of_record
TN:
SF:src\app\modules\passwordPolicy\passwordPolicy.service.ts
FN:24,(anonymous_0)
FN:69,(anonymous_1)
FN:91,(anonymous_2)
FN:130,(anonymous_3)
FNF:4
FNH:4
FNDA:5,(anonymous_0)
FNDA:4,(anonymous_1)
FNDA:6,(anonymous_2)
FNDA:5,(anonymous_3)
DA:1,9
DA:2,9
DA:3,9
DA:5,9
DA:21,9
DA:28,5
DA:30,5
DA:31,5
DA:32,1
DA:36,4
DA:37,4
DA:38,2
DA:44,2
DA:52,2
DA:60,0
DA:61,0
DA:63,0
DA:64,0
DA:70,4
DA:71,4
DA:73,4
DA:74,2
DA:77,2
DA:85,0
DA:86,0
DA:95,6
DA:96,6
DA:97,1
DA:101,5
DA:102,2
DA:105,3
DA:111,3
DA:112,1
DA:115,2
DA:123,0
DA:124,0
DA:131,5
DA:132,5
DA:134,5
DA:135,1
DA:139,4
DA:143,4
DA:144,2
DA:152,2
DA:154,2
DA:159,0
DA:160,0
LF:47
LH:37
BRDA:31,0,0,1
BRDA:37,1,0,2
BRDA:46,2,0,2
BRDA:46,2,1,0
BRDA:47,3,0,2
BRDA:47,3,1,1
BRDA:48,4,0,2
BRDA:48,4,1,1
BRDA:49,5,0,2
BRDA:49,5,1,2
BRDA:60,6,0,0
BRDA:73,7,0,2
BRDA:96,8,0,1
BRDA:101,9,0,2
BRDA:101,10,0,5
BRDA:101,10,1,5
BRDA:111,11,0,1
BRDA:134,12,0,1
BRDA:143,13,0,2
BRF:19
BRH:17
end_of_record
TN:
SF:src\app\modules\project\project.controller.ts
FN:8,(anonymous_0)
FN:14,(anonymous_1)
FN:27,(anonymous_2)
FN:36,(anonymous_3)
FN:48,(anonymous_4)
FN:61,(anonymous_5)
FN:75,(anonymous_6)
FN:87,(anonymous_7)
FN:98,(anonymous_8)
FN:110,(anonymous_9)
FN:123,(anonymous_10)
FNF:11
FNH:6
FNDA:8,(anonymous_0)
FNDA:3,(anonymous_1)
FNDA:1,(anonymous_2)
FNDA:2,(anonymous_3)
FNDA:1,(anonymous_4)
FNDA:1,(anonymous_5)
FNDA:0,(anonymous_6)
FNDA:0,(anonymous_7)
FNDA:0,(anonymous_8)
FNDA:0,(anonymous_9)
FNDA:0,(anonymous_10)
DA:2,8
DA:5,8
DA:9,8
DA:14,8
DA:15,3
DA:16,3
DA:21,3
DA:23,0
DA:27,8
DA:28,1
DA:29,1
DA:30,1
DA:32,0
DA:36,8
DA:37,2
DA:38,2
DA:42,2
DA:44,0
DA:48,8
DA:49,1
DA:50,1
DA:55,1
DA:57,0
DA:61,8
DA:62,1
DA:63,1
DA:67,1
DA:69,0
DA:75,8
DA:76,0
DA:77,0
DA:81,0
DA:83,0
DA:87,8
DA:88,0
DA:89,0
DA:92,0
DA:94,0
DA:98,8
DA:99,0
DA:100,0
DA:104,0
DA:106,0
DA:110,8
DA:111,0
DA:112,0
DA:117,0
DA:119,0
DA:123,8
DA:124,0
DA:125,0
DA:129,0
DA:131,0
LF:53
LH:28
BRDA:9,0,0,8
BRDA:9,0,1,8
BRF:2
BRH:2
end_of_record
TN:
SF:src\app\modules\project\project.route.ts
FNF:0
FNH:0
DA:1,8
DA:2,8
DA:3,8
DA:4,8
DA:6,8
DA:7,8
DA:9,8
DA:13,8
DA:14,8
DA:15,8
DA:16,8
DA:17,8
DA:21,8
DA:22,8
DA:23,8
DA:24,8
DA:25,8
DA:27,8
LF:18
LH:18
BRF:0
BRH:0
end_of_record
TN:
SF:src\app\modules\project\project.service.ts
FN:32,(anonymous_0)
FN:82,(anonymous_1)
FN:105,(anonymous_2)
FN:133,(anonymous_3)
FN:166,(anonymous_4)
FN:194,(anonymous_5)
FN:234,(anonymous_6)
FN:254,(anonymous_7)
FN:281,(anonymous_8)
FN:317,(anonymous_9)
FNF:10
FNH:6
FNDA:7,(anonymous_0)
FNDA:3,(anonymous_1)
FNDA:2,(anonymous_2)
FNDA:1,(anonymous_3)
FNDA:3,(anonymous_4)
FNDA:3,(anonymous_5)
FNDA:0,(anonymous_6)
FNDA:0,(anonymous_7)
FNDA:0,(anonymous_8)
FNDA:0,(anonymous_9)
DA:1,9
DA:2,9
DA:3,9
DA:5,9
DA:6,9
DA:29,9
DA:37,7
DA:38,7
DA:40,7
DA:41,1
DA:45,6
DA:46,6
DA:47,1
DA:50,5
DA:58,3
DA:65,3
DA:73,2
DA:74,2
DA:76,0
DA:77,0
DA:83,3
DA:84,3
DA:85,3
DA:86,1
DA:89,2
DA:91,2
DA:99,0
DA:100,0
DA:109,2
DA:110,2
DA:115,2
DA:116,1
DA:119,1
DA:127,0
DA:128,0
DA:138,1
DA:139,1
DA:145,1
DA:146,0
DA:149,1
DA:157,0
DA:158,0
DA:160,0
DA:161,0
DA:170,3
DA:171,3
DA:176,3
DA:177,1
DA:181,2
DA:183,2
DA:188,0
DA:189,0
DA:198,3
DA:199,3
DA:201,3
DA:202,1
DA:205,2
DA:206,2
DA:207,1
DA:210,1
DA:217,1
DA:225,0
DA:226,0
DA:228,0
DA:229,0
DA:235,0
DA:236,0
DA:240,0
DA:248,0
DA:249,0
DA:258,0
DA:259,0
DA:263,0
DA:264,0
DA:267,0
DA:275,0
DA:276,0
DA:286,0
DA:287,0
DA:289,0
DA:290,0
DA:293,0
DA:299,0
DA:300,0
DA:303,0
DA:311,0
DA:312,0
DA:321,0
DA:322,0
DA:327,0
DA:328,0
DA:331,0
DA:336,0
DA:337,0
LF:94
LH:48
BRDA:40,0,0,1
BRDA:46,1,0,1
BRDA:73,2,0,2
BRDA:85,3,0,1
BRDA:115,4,0,1
BRDA:145,5,0,0
BRDA:157,6,0,0
BRDA:176,7,0,1
BRDA:201,8,0,1
BRDA:201,9,0,3
BRDA:201,9,1,2
BRDA:206,10,0,1
BRDA:225,11,0,0
BRDA:263,12,0,0
BRDA:289,13,0,0
BRDA:289,14,0,0
BRDA:289,14,1,0
BRDA:295,15,0,0
BRDA:295,15,1,0
BRDA:295,16,0,0
BRDA:295,16,1,0
BRDA:299,17,0,0
BRDA:327,18,0,0
BRF:23
BRH:10
end_of_record
TN:
SF:src\app\modules\projectPolicy\projectPolicy.controller.ts
FN:8,(anonymous_0)
FN:12,(anonymous_1)
FN:24,(anonymous_2)
FN:35,(anonymous_3)
FN:47,(anonymous_4)
FNF:5
FNH:5
FNDA:8,(anonymous_0)
FNDA:3,(anonymous_1)
FNDA:1,(anonymous_2)
FNDA:1,(anonymous_3)
FNDA:1,(anonymous_4)
DA:2,8
DA:5,8
DA:9,8
DA:12,8
DA:13,3
DA:14,3
DA:18,3
DA:20,0
DA:24,8
DA:25,1
DA:26,1
DA:29,1
DA:31,0
DA:35,8
DA:36,1
DA:37,1
DA:41,1
DA:43,0
DA:47,8
DA:48,1
DA:49,1
DA:52,1
DA:54,0
LF:23
LH:19
BRDA:9,0,0,8
BRDA:9,0,1,8
BRF:2
BRH:2
end_of_record
TN:
SF:src\app\modules\projectPolicy\projectPolicy.route.ts
FNF:0
FNH:0
DA:1,8
DA:2,8
DA:3,8
DA:4,8
DA:6,8
DA:7,8
DA:9,8
DA:13,8
DA:14,8
DA:15,8
DA:16,8
DA:18,8
LF:12
LH:12
BRF:0
BRH:0
end_of_record
TN:
SF:src\app\modules\projectPolicy\projectPolicy.service.ts
FN:29,(anonymous_0)
FN:83,(anonymous_1)
FN:107,(anonymous_2)
FN:140,(anonymous_3)
FNF:4
FNH:4
FNDA:7,(anonymous_0)
FNDA:1,(anonymous_1)
FNDA:3,(anonymous_2)
FNDA:1,(anonymous_3)
DA:1,9
DA:2,9
DA:3,9
DA:5,9
DA:6,9
DA:26,9
DA:33,7
DA:35,7
DA:36,7
DA:37,1
DA:41,6
DA:42,6
DA:43,2
DA:47,4
DA:48,4
DA:49,2
DA:55,2
DA:66,2
DA:74,0
DA:75,0
DA:77,0
DA:78,0
DA:84,1
DA:85,1
DA:89,1
DA:90,0
DA:93,1
DA:101,0
DA:102,0
DA:111,3
DA:112,3
DA:113,1
DA:116,2
DA:122,2
DA:123,1
DA:126,1
DA:134,0
DA:135,0
DA:141,1
DA:142,1
DA:144,1
DA:145,0
DA:148,1
DA:153,0
DA:154,0
LF:45
LH:33
BRDA:36,0,0,1
BRDA:42,1,0,2
BRDA:48,2,0,2
BRDA:58,3,0,2
BRDA:58,3,1,2
BRDA:59,4,0,2
BRDA:59,4,1,2
BRDA:60,5,0,2
BRDA:60,5,1,1
BRDA:61,6,0,2
BRDA:61,6,1,1
BRDA:62,7,0,2
BRDA:62,7,1,1
BRDA:63,8,0,2
BRDA:63,8,1,1
BRDA:74,9,0,0
BRDA:89,10,0,0
BRDA:112,11,0,1
BRDA:122,12,0,1
BRDA:144,13,0,0
BRF:20
BRH:17
end_of_record
TN:
SF:src\app\modules\session\session.controller.ts
FN:8,(anonymous_0)
FN:13,(anonymous_1)
FN:25,(anonymous_2)
FN:45,(anonymous_3)
FNF:4
FNH:4
FNDA:8,(anonymous_0)
FNDA:2,(anonymous_1)
FNDA:3,(anonymous_2)
FNDA:2,(anonymous_3)
DA:2,8
DA:5,8
DA:9,8
DA:13,8
DA:14,2
DA:15,2
DA:18,2
DA:20,0
DA:25,8
DA:26,3
DA:27,3
DA:33,3
DA:34,0
DA:35,0
DA:38,3
DA:40,0
DA:45,8
DA:46,2
DA:47,2
DA:52,2
DA:53,2
DA:55,2
DA:57,0
LF:23
LH:18
BRDA:33,0,0,0
BRDA:9,1,0,8
BRDA:9,1,1,8
BRF:3
BRH:2
end_of_record
TN:
SF:src\app\modules\session\session.route.ts
FNF:0
FNH:0
DA:1,8
DA:2,8
DA:3,8
DA:4,8
DA:6,8
DA:7,8
DA:9,8
DA:13,8
DA:14,8
DA:15,8
DA:17,8
LF:11
LH:11
BRF:0
BRH:0
end_of_record
TN:
SF:src\app\modules\session\session.service.ts
FN:8,(anonymous_0)
FN:30,(anonymous_1)
FN:59,(anonymous_2)
FNF:3
FNH:3
FNDA:3,(anonymous_0)
FNDA:5,(anonymous_1)
FNDA:3,(anonymous_2)
DA:1,9
DA:3,9
DA:5,9
DA:9,3
DA:10,3
DA:15,3
DA:24,0
DA:25,0
DA:34,5
DA:36,5
DA:41,5
DA:42,3
DA:45,2
DA:53,0
DA:54,0
DA:60,3
DA:61,3
DA:63,3
DA:71,0
DA:72,0
LF:20
LH:14
BRDA:41,0,0,3
BRF:1
BRH:1
end_of_record
TN:
SF:src\app\modules\user\user.controller.ts
FN:8,(anonymous_0)
FN:12,(anonymous_1)
FN:29,(anonymous_2)
FN:46,(anonymous_3)
FN:56,(anonymous_4)
FN:74,(anonymous_5)
FN:88,(anonymous_6)
FN:107,(anonymous_7)
FN:123,(anonymous_8)
FNF:9
FNH:9
FNDA:8,(anonymous_0)
FNDA:4,(anonymous_1)
FNDA:4,(anonymous_2)
FNDA:1,(anonymous_3)
FNDA:4,(anonymous_4)
FNDA:1,(anonymous_5)
FNDA:2,(anonymous_6)
FNDA:6,(anonymous_7)
FNDA:1,(anonymous_8)
DA:2,8
DA:5,8
DA:9,8
DA:12,8
DA:13,4
DA:14,4
DA:16,3
DA:17,1
DA:18,1
DA:19,1
DA:22,2
DA:24,1
DA:25,1
DA:29,8
DA:30,4
DA:31,4
DA:33,4
DA:34,2
DA:35,2
DA:36,2
DA:39,2
DA:41,0
DA:42,0
DA:46,8
DA:47,1
DA:48,1
DA:49,1
DA:51,0
DA:52,0
DA:56,8
DA:57,4
DA:58,4
DA:61,4
DA:62,3
DA:63,3
DA:64,3
DA:67,1
DA:69,0
DA:70,0
DA:74,8
DA:75,1
DA:76,1
DA:79,1
DA:81,1
DA:83,0
DA:84,0
DA:88,8
DA:89,2
DA:90,2
DA:91,2
DA:92,2
DA:94,2
DA:95,0
DA:97,2
DA:98,0
DA:100,2
DA:101,2
DA:103,0
DA:104,0
DA:108,6
DA:115,6
DA:124,1
DA:125,1
LF:63
LH:51
BRDA:16,0,0,1
BRDA:16,1,0,3
BRDA:16,1,1,1
BRDA:33,2,0,2
BRDA:33,3,0,4
BRDA:33,3,1,2
BRDA:61,4,0,3
BRDA:61,5,0,4
BRDA:61,5,1,3
BRDA:94,6,0,0
BRDA:97,7,0,0
BRDA:9,8,0,8
BRDA:9,8,1,8
BRF:13
BRH:11
end_of_record
TN:
SF:src\app\modules\user\user.route.ts
FNF:0
FNH:0
DA:1,8
DA:2,8
DA:3,8
DA:4,8
DA:5,8
DA:6,8
DA:8,8
DA:9,8
DA:10,8
DA:12,8
DA:15,8
DA:16,8
DA:17,8
DA:18,8
DA:19,8
DA:20,8
DA:23,8
DA:24,8
DA:30,8
DA:31,8
DA:32,8
DA:34,8
LF:22
LH:22
BRF:0
BRH:0
end_of_record
TN:
SF:src\app\modules\user\user.service.ts
FN:15,(anonymous_0)
FN:234,(anonymous_1)
FN:18,(anonymous_2)
FN:72,(anonymous_3)
FN:115,(anonymous_4)
FN:154,(anonymous_5)
FN:215,(anonymous_6)
FN:270,(anonymous_7)
FNF:8
FNH:8
FNDA:21,(anonymous_0)
FNDA:6,(anonymous_1)
FNDA:8,(anonymous_2)
FNDA:7,(anonymous_3)
FNDA:1,(anonymous_4)
FNDA:4,(anonymous_5)
FNDA:3,(anonymous_6)
FNDA:8,(anonymous_7)
DA:1,9
DA:2,9
DA:3,9
DA:4,9
DA:15,9
DA:21,8
DA:23,8
DA:24,7
DA:25,2
DA:31,5
DA:33,5
DA:34,5
DA:43,2
DA:45,2
DA:47,2
DA:63,3
DA:64,2
DA:66,1
DA:67,1
DA:75,7
DA:77,7
DA:81,7
DA:82,2
DA:85,5
DA:86,5
DA:87,2
DA:90,3
DA:92,3
DA:94,3
DA:118,1
DA:119,1
DA:123,1
DA:124,0
DA:128,1
DA:132,1
DA:134,1
DA:147,0
DA:148,0
DA:157,4
DA:158,4
DA:160,4
DA:161,1
DA:164,3
DA:169,3
DA:170,0
DA:174,3
DA:179,3
DA:180,0
DA:183,3
DA:184,3
DA:185,0
DA:189,3
DA:191,3
DA:192,3
DA:194,3
DA:208,0
DA:209,0
DA:216,3
DA:217,3
DA:219,3
DA:221,2
DA:227,3
DA:229,0
DA:230,0
DA:234,21
DA:235,6
DA:236,6
DA:237,1
DA:239,5
DA:240,5
DA:241,1
DA:243,4
DA:245,4
DA:246,4
DA:247,2
DA:251,2
DA:252,2
DA:253,0
DA:259,2
DA:260,2
DA:261,2
DA:263,2
DA:265,0
DA:266,0
DA:271,8
DA:276,8
LF:86
LH:73
BRDA:236,0,0,1
BRDA:240,1,0,1
BRDA:246,2,0,2
BRDA:252,3,0,0
BRDA:24,4,0,2
BRDA:37,5,0,0
BRDA:37,5,1,5
BRDA:40,6,0,0
BRDA:40,6,1,5
BRDA:55,7,0,2
BRDA:55,7,1,2
BRDA:56,8,0,2
BRDA:56,8,1,2
BRDA:63,9,0,2
BRDA:81,10,0,2
BRDA:86,11,0,2
BRDA:102,12,0,3
BRDA:102,12,1,3
BRDA:104,13,0,0
BRDA:104,13,1,3
BRDA:106,14,0,3
BRDA:106,14,1,3
BRDA:123,15,0,0
BRDA:140,16,0,0
BRDA:140,16,1,1
BRDA:142,17,0,1
BRDA:142,17,1,1
BRDA:160,18,0,1
BRDA:169,19,0,0
BRDA:179,20,0,0
BRDA:184,21,0,0
BRDA:219,22,0,2
BRF:32
BRH:23
end_of_record
TN:
SF:src\app\modules\user\userProfile.controller.ts
FN:11,(anonymous_0)
FN:16,(anonymous_1)
FN:28,(anonymous_2)
FN:43,(anonymous_3)
FN:63,(anonymous_4)
FN:77,(anonymous_5)
FN:105,(anonymous_6)
FNF:7
FNH:6
FNDA:8,(anonymous_0)
FNDA:3,(anonymous_1)
FNDA:4,(anonymous_2)
FNDA:1,(anonymous_3)
FNDA:2,(anonymous_4)
FNDA:3,(anonymous_5)
FNDA:0,(anonymous_6)
DA:3,8
DA:4,8
DA:5,8
DA:6,8
DA:8,8
DA:12,8
DA:16,8
DA:17,3
DA:18,3
DA:21,3
DA:23,0
DA:28,8
DA:29,4
DA:30,4
DA:31,4
DA:35,4
DA:37,0
DA:43,8
DA:44,1
DA:45,1
DA:46,1
DA:51,0
DA:56,0
DA:58,0
DA:63,8
DA:64,2
DA:65,2
DA:68,2
DA:70,0
DA:77,8
DA:78,3
DA:79,3
DA:82,3
DA:84,3
DA:85,0
DA:88,3
DA:89,3
DA:90,1
DA:93,2
DA:96,2
DA:97,2
DA:98,2
DA:99,1
DA:103,2
DA:105,2
DA:106,0
DA:107,0
DA:108,0
DA:112,0
DA:113,0
DA:114,0
LF:51
LH:38
BRDA:45,0,0,1
BRDA:84,1,0,0
BRDA:89,2,0,1
BRDA:98,3,0,1
BRDA:107,4,0,0
BRDA:113,5,0,0
BRDA:12,6,0,8
BRDA:12,6,1,8
BRF:8
BRH:5
end_of_record
TN:
SF:src\app\modules\user\userProfile.service.ts
FN:21,(anonymous_1)
FN:47,(anonymous_2)
FN:75,(anonymous_3)
FN:116,(anonymous_4)
FNF:4
FNH:3
FNDA:0,(anonymous_1)
FNDA:5,(anonymous_2)
FNDA:7,(anonymous_3)
FNDA:5,(anonymous_4)
DA:1,9
DA:3,9
DA:4,9
DA:6,9
DA:15,4
DA:16,4
DA:17,4
DA:20,3
DA:21,1
DA:22,0
DA:26,3
DA:27,3
DA:30,3
DA:32,3
DA:41,0
DA:42,0
DA:48,5
DA:49,5
DA:53,5
DA:55,4
DA:69,0
DA:70,0
DA:79,7
DA:80,7
DA:81,2
DA:87,5
DA:95,5
DA:97,4
DA:110,0
DA:111,0
DA:117,5
DA:118,5
DA:119,5
DA:121,4
DA:122,2
DA:125,2
DA:126,2
DA:128,2
DA:130,0
DA:131,0
LF:40
LH:31
BRDA:17,0,0,1
BRDA:20,1,0,1
BRDA:53,2,0,1
BRDA:62,3,0,0
BRDA:62,3,1,4
BRDA:80,4,0,2
BRDA:80,5,0,7
BRDA:80,5,1,3
BRDA:95,6,0,1
BRDA:103,7,0,0
BRDA:103,7,1,4
BRDA:119,8,0,1
BRDA:121,9,0,2
BRF:13
BRH:11
end_of_record
TN:
SF:src\app\services\api\service.controller.ts
FN:5,(anonymous_0)
FN:6,(anonymous_1)
FNF:2
FNH:0
FNDA:0,(anonymous_0)
FNDA:0,(anonymous_1)
DA:1,0
DA:3,0
DA:5,0
DA:6,0
DA:7,0
DA:8,0
DA:9,0
LF:7
LH:0
BRF:0
BRH:0
end_of_record
TN:
SF:src\app\services\api\service.route.ts
FNF:0
FNH:0
DA:1,0
DA:2,0
DA:3,0
DA:4,0
DA:6,0
DA:7,0
DA:9,0
DA:11,0
DA:13,0
LF:9
LH:0
BRF:0
BRH:0
end_of_record
TN:
SF:src\app\services\api\service.service.ts
FN:3,(anonymous_0)
FN:4,(anonymous_1)
FNF:2
FNH:0
FNDA:0,(anonymous_0)
FNDA:0,(anonymous_1)
DA:1,0
DA:3,0
DA:4,0
DA:5,0
DA:6,0
DA:7,0
DA:8,0
DA:11,0
DA:12,0
DA:14,0
LF:10
LH:0
BRDA:7,0,0,0
BRDA:7,1,0,0
BRDA:7,1,1,0
BRF:3
BRH:0
end_of_record
TN:
SF:src\app\services\endUsers\endUser.controller.ts
FN:5,(anonymous_0)
FN:8,(anonymous_1)
FN:20,(anonymous_2)
FN:32,(anonymous_3)
FN:43,(anonymous_4)
FNF:5
FNH:5
FNDA:8,(anonymous_0)
FNDA:6,(anonymous_1)
FNDA:3,(anonymous_2)
FNDA:1,(anonymous_3)
FNDA:9,(anonymous_4)
DA:2,8
DA:5,8
DA:6,8
DA:8,8
DA:9,6
DA:10,6
DA:11,6
DA:12,6
DA:13,6
DA:15,0
DA:16,0
DA:20,8
DA:21,3
DA:22,3
DA:23,3
DA:24,3
DA:25,3
DA:27,0
DA:28,0
DA:32,8
DA:33,1
DA:34,1
DA:35,1
DA:36,1
DA:37,1
DA:39,0
DA:44,9
DA:45,9
DA:46,9
LF:29
LH:24
BRDA:16,0,0,0
BRDA:16,0,1,0
BRDA:28,1,0,0
BRDA:28,1,1,0
BRDA:45,2,0,4
BRDA:46,3,0,4
BRF:6
BRH:2
end_of_record
TN:
SF:src\app\services\endUsers\endUser.route.ts
FNF:0
FNH:0
DA:1,8
DA:2,8
DA:3,8
DA:4,8
DA:5,8
DA:6,8
DA:8,8
DA:9,8
DA:10,8
DA:13,8
DA:14,8
DA:15,8
DA:18,8
DA:19,8
DA:25,8
DA:26,8
DA:27,8
DA:29,8
LF:18
LH:18
BRF:0
BRH:0
end_of_record
TN:
SF:src\app\services\endUsers\endUser.service.ts
FN:8,(anonymous_0)
FN:10,(anonymous_1)
FN:49,(anonymous_2)
FN:87,(anonymous_3)
FN:97,(anonymous_4)
FNF:5
FNH:5
FNDA:19,(anonymous_0)
FNDA:10,(anonymous_1)
FNDA:7,(anonymous_2)
FNDA:4,(anonymous_3)
FNDA:7,(anonymous_4)
DA:1,9
DA:2,9
DA:3,9
DA:4,9
DA:5,9
DA:6,9
DA:8,9
DA:10,19
DA:11,10
DA:13,10
DA:15,9
DA:16,9
DA:18,6
DA:20,6
DA:21,6
DA:23,4
DA:25,4
DA:26,4
DA:27,4
DA:28,4
DA:30,4
DA:49,19
DA:50,7
DA:51,7
DA:53,7
DA:54,7
DA:56,5
DA:57,5
DA:58,5
DA:60,3
DA:61,3
DA:64,3
DA:66,3
DA:87,19
DA:88,4
DA:90,3
DA:91,3
DA:93,1
DA:94,1
DA:98,7
DA:99,7
LF:41
LH:41
BRDA:13,0,0,1
BRDA:13,1,0,10
BRDA:13,1,1,9
BRDA:16,2,0,3
BRDA:21,3,0,2
BRDA:23,4,0,4
BRDA:23,4,1,0
BRDA:54,5,0,2
BRDA:58,6,0,2
BRDA:78,7,0,1
BRDA:78,7,1,2
BRDA:88,8,0,1
BRDA:91,9,0,2
BRF:13
BRH:12
end_of_record
TN:
SF:src\app\services\endUsers\endUserProfile.controller.ts
FN:8,(anonymous_0)
FN:12,(anonymous_1)
FN:32,(anonymous_2)
FN:54,(anonymous_3)
FN:80,(anonymous_4)
FN:99,(anonymous_5)
FN:123,(anonymous_6)
FNF:7
FNH:4
FNDA:8,(anonymous_0)
FNDA:1,(anonymous_1)
FNDA:2,(anonymous_2)
FNDA:0,(anonymous_3)
FNDA:0,(anonymous_4)
FNDA:1,(anonymous_5)
FNDA:0,(anonymous_6)
DA:3,8
DA:4,8
DA:5,8
DA:6,8
DA:8,8
DA:9,8
DA:12,8
DA:13,1
DA:14,1
DA:15,1
DA:17,1
DA:18,0
DA:21,1
DA:25,1
DA:27,0
DA:32,8
DA:33,2
DA:34,2
DA:35,2
DA:37,2
DA:38,0
DA:41,2
DA:42,2
DA:47,2
DA:49,0
DA:54,8
DA:55,0
DA:56,0
DA:57,0
DA:59,0
DA:60,0
DA:62,0
DA:63,0
DA:68,0
DA:73,0
DA:75,0
DA:80,8
DA:81,0
DA:82,0
DA:83,0
DA:84,0
DA:87,0
DA:90,0
DA:92,0
DA:99,8
DA:100,1
DA:101,1
DA:103,1
DA:104,1
DA:105,0
DA:108,1
DA:109,1
DA:110,0
DA:113,1
DA:115,1
DA:116,1
DA:117,1
DA:118,0
DA:121,1
DA:123,1
DA:124,0
DA:125,0
DA:126,0
DA:130,0
DA:131,0
DA:132,0
LF:66
LH:36
BRDA:17,0,0,0
BRDA:37,1,0,0
BRDA:59,2,0,0
BRDA:62,3,0,0
BRDA:83,4,0,0
BRDA:104,5,0,0
BRDA:109,6,0,0
BRDA:117,7,0,0
BRDA:125,8,0,0
BRDA:131,9,0,0
BRF:10
BRH:0
end_of_record
TN:
SF:src\app\services\endUsers\endUserProfile.service.ts
FN:8,(anonymous_0)
FN:19,(anonymous_1)
FN:44,(anonymous_2)
FN:88,(anonymous_3)
FN:132,(anonymous_4)
FNF:5
FNH:2
FNDA:0,(anonymous_0)
FNDA:0,(anonymous_1)
FNDA:1,(anonymous_2)
FNDA:2,(anonymous_3)
FNDA:0,(anonymous_4)
DA:1,8
DA:2,8
DA:3,8
DA:4,8
DA:6,8
DA:13,0
DA:14,0
DA:15,0
DA:18,0
DA:19,0
DA:20,0
DA:24,0
DA:25,0
DA:27,0
DA:29,0
DA:38,0
DA:39,0
DA:48,1
DA:49,1
DA:53,1
DA:56,1
DA:57,1
DA:58,0
DA:65,1
DA:67,1
DA:82,0
DA:83,0
DA:93,2
DA:94,2
DA:95,1
DA:101,1
DA:109,1
DA:111,1
DA:113,1
DA:126,0
DA:127,0
DA:133,0
DA:134,0
DA:135,0
DA:137,0
DA:138,0
DA:141,0
DA:142,0
DA:144,0
DA:146,0
DA:147,0
LF:46
LH:19
BRDA:15,0,0,0
BRDA:18,1,0,0
BRDA:53,2,0,0
BRDA:57,3,0,0
BRDA:75,4,0,0
BRDA:75,4,1,1
BRDA:94,5,0,1
BRDA:94,6,0,2
BRDA:94,6,1,1
BRDA:109,7,0,0
BRDA:119,8,0,0
BRDA:119,8,1,1
BRDA:135,9,0,0
BRDA:137,10,0,0
BRF:14
BRH:5
end_of_record
TN:
SF:src\app\utils\endUser.utils.ts
FN:11,(anonymous_0)
FNF:1
FNH:1
FNDA:13,(anonymous_0)
DA:1,8
DA:2,8
DA:3,8
DA:11,8
DA:12,13
DA:17,13
DA:22,13
DA:24,13
DA:26,13
DA:27,13
DA:28,13
DA:34,13
LF:12
LH:12
BRDA:24,0,0,0
BRDA:27,1,0,13
BRDA:34,2,0,13
BRDA:34,2,1,0
BRF:4
BRH:2
end_of_record
TN:
SF:src\app\utils\errors.ts
FN:2,(anonymous_0)
FN:13,(anonymous_1)
FN:19,(anonymous_2)
FN:25,(anonymous_3)
FN:31,(anonymous_4)
FN:37,(anonymous_5)
FNF:6
FNH:0
FNDA:0,(anonymous_0)
FNDA:0,(anonymous_1)
FNDA:0,(anonymous_2)
FNDA:0,(anonymous_3)
FNDA:0,(anonymous_4)
FNDA:0,(anonymous_5)
DA:1,0
DA:3,0
DA:4,0
DA:5,0
DA:7,0
DA:8,0
DA:12,0
DA:14,0
DA:18,0
DA:20,0
DA:24,0
DA:26,0
DA:30,0
DA:32,0
DA:36,0
DA:38,0
LF:16
LH:0
BRDA:19,0,0,0
BRDA:25,1,0,0
BRDA:31,2,0,0
BRF:3
BRH:0
end_of_record
TN:
SF:src\app\utils\jwt.utils.ts
FN:6,(anonymous_1)
FN:14,(anonymous_2)
FN:22,(anonymous_3)
FN:26,(anonymous_4)
FNF:4
FNH:4
FNDA:131,(anonymous_1)
FNDA:119,(anonymous_2)
FNDA:77,(anonymous_3)
FNDA:6,(anonymous_4)
DA:1,12
DA:3,12
DA:5,12
DA:7,131
DA:11,131
DA:15,119
DA:19,119
DA:23,77
DA:27,6
LF:9
LH:9
BRF:0
BRH:0
end_of_record
TN:
SF:src\app\utils\logger.ts
FN:3,(anonymous_0)
FN:6,(anonymous_1)
FN:9,(anonymous_2)
FN:12,(anonymous_3)
FNF:4
FNH:0
FNDA:0,(anonymous_0)
FNDA:0,(anonymous_1)
FNDA:0,(anonymous_2)
FNDA:0,(anonymous_3)
DA:2,12
DA:4,0
DA:7,0
DA:10,0
DA:13,0
DA:14,0
LF:6
LH:1
BRDA:4,0,0,0
BRDA:4,0,1,0
BRDA:7,1,0,0
BRDA:7,1,1,0
BRDA:10,2,0,0
BRDA:10,2,1,0
BRDA:13,3,0,0
BRDA:14,4,0,0
BRDA:14,4,1,0
BRF:9
BRH:0
end_of_record
TN:
SF:src\app\utils\password.utils.EndUser.ts
FN:8,(anonymous_0)
FNF:1
FNH:1
FNDA:6,(anonymous_0)
DA:8,9
DA:12,6
DA:14,6
DA:15,0
DA:18,6
DA:20,6
DA:21,0
DA:23,6
DA:24,0
DA:26,6
DA:27,0
DA:29,6
DA:30,0
DA:33,6
LF:14
LH:9
BRDA:14,0,0,0
BRDA:14,1,0,6
BRDA:14,1,1,6
BRDA:20,2,0,0
BRDA:23,3,0,0
BRDA:23,4,0,6
BRDA:23,4,1,0
BRDA:26,5,0,0
BRDA:26,6,0,6
BRDA:26,6,1,0
BRDA:29,7,0,0
BRDA:29,8,0,6
BRDA:29,8,1,0
BRF:13
BRH:5
end_of_record
TN:
SF:src\app\utils\password.utils.ts
FN:6,(anonymous_1)
FN:10,(anonymous_2)
FN:14,(anonymous_3)
FNF:3
FNH:3
FNDA:131,(anonymous_1)
FNDA:10,(anonymous_2)
FNDA:9,(anonymous_3)
DA:1,11
DA:2,11
DA:4,11
DA:7,131
DA:11,10
DA:15,9
DA:16,9
DA:18,9
DA:19,3
DA:22,8
DA:23,0
DA:26,8
DA:27,0
DA:30,8
DA:31,0
DA:34,8
DA:38,0
DA:41,8
LF:18
LH:14
BRDA:18,0,0,3
BRDA:22,1,0,0
BRDA:22,2,0,8
BRDA:22,2,1,0
BRDA:26,3,0,0
BRDA:26,4,0,8
BRDA:26,4,1,0
BRDA:30,5,0,0
BRDA:30,6,0,8
BRDA:30,6,1,0
BRDA:34,7,0,0
BRDA:35,8,0,8
BRDA:35,8,1,0
BRF:13
BRH:5
end_of_record
TN:
SF:src\app\utils\s3.utils.ts
FN:22,(anonymous_0)
FN:41,(anonymous_1)
FN:60,(anonymous_2)
FN:68,(anonymous_3)
FNF:4
FNH:4
FNDA:2,(anonymous_0)
FNDA:3,(anonymous_1)
FNDA:2,(anonymous_2)
FNDA:2,(anonymous_3)
DA:1,10
DA:10,10
DA:18,10
DA:22,10
DA:27,2
DA:35,1
DA:41,10
DA:44,3
DA:48,3
DA:49,1
DA:52,2
DA:60,10
DA:61,2
DA:68,10
DA:72,2
LF:15
LH:15
BRDA:48,0,0,1
BRDA:54,1,0,2
BRDA:54,1,1,1
BRF:3
BRH:3
end_of_record
TN:
SF:src\app\utils\uinifiedSignupValidator.ts
FN:22,(anonymous_0)
FN:74,(anonymous_1)
FNF:2
FNH:2
FNDA:6,(anonymous_0)
FNDA:7,(anonymous_1)
DA:2,9
DA:3,9
DA:4,9
DA:5,9
DA:22,9
DA:27,6
DA:30,6
DA:31,0
DA:35,6
DA:36,1
DA:40,6
DA:41,6
DA:42,0
DA:43,0
DA:47,6
DA:48,0
DA:52,6
DA:53,1
DA:57,6
DA:58,0
DA:62,6
DA:63,6
DA:65,6
DA:66,6
DA:70,6
DA:74,9
DA:78,7
DA:80,7
DA:82,7
DA:85,7
DA:88,3
DA:93,3
DA:95,3
DA:97,0
DA:98,0
LF:35
LH:28
BRDA:30,0,0,0
BRDA:30,1,0,6
BRDA:30,1,1,0
BRDA:35,2,0,1
BRDA:35,3,0,6
BRDA:35,3,1,6
BRDA:40,4,0,6
BRDA:40,4,1,0
BRDA:41,5,0,0
BRDA:42,6,0,0
BRDA:47,7,0,0
BRDA:47,8,0,6
BRDA:47,8,1,0
BRDA:47,8,2,0
BRDA:52,9,0,1
BRDA:52,10,0,6
BRDA:52,10,1,6
BRDA:52,10,2,6
BRDA:57,11,0,0
BRDA:57,12,0,6
BRDA:57,12,1,6
BRDA:57,12,2,6
BRDA:62,13,0,6
BRDA:62,14,0,6
BRDA:62,14,1,6
BRDA:63,15,0,0
BRDA:63,15,1,6
BRDA:66,16,0,0
BRDA:78,17,0,0
BRDA:78,18,0,7
BRDA:78,18,1,7
BRDA:85,19,0,4
BRDA:93,20,0,0
BRF:33
BRH:20
end_of_record
TN:
SF:src\app\utils\user.utils.ts
FN:11,(anonymous_0)
FN:22,(anonymous_1)
FN:26,(anonymous_2)
FN:33,(anonymous_3)
FN:44,(anonymous_4)
FN:55,(anonymous_5)
FN:60,(anonymous_6)
FN:66,(anonymous_7)
FN:78,(anonymous_8)
FN:89,(anonymous_9)
FNF:10
FNH:3
FNDA:0,(anonymous_0)
FNDA:0,(anonymous_1)
FNDA:0,(anonymous_2)
FNDA:16,(anonymous_3)
FNDA:0,(anonymous_4)
FNDA:0,(anonymous_5)
FNDA:0,(anonymous_6)
FNDA:19,(anonymous_7)
FNDA:0,(anonymous_8)
FNDA:4,(anonymous_9)
DA:2,10
DA:3,10
DA:6,10
DA:8,10
DA:11,10
DA:15,0
DA:19,0
DA:22,10
DA:23,0
DA:26,0
DA:27,0
DA:30,0
DA:33,10
DA:37,16
DA:41,16
DA:44,10
DA:48,0
DA:52,0
DA:55,10
DA:56,0
DA:59,0
DA:60,0
DA:62,0
DA:63,0
DA:66,10
DA:70,19
DA:74,19
DA:78,10
DA:82,0
DA:86,0
DA:89,10
DA:90,4
DA:91,4
LF:33
LH:18
BRDA:91,0,0,4
BRDA:91,0,1,0
BRF:2
BRH:1
end_of_record
